objc[10620]: Class VCWeakObjectHolder is implemented in both /Applications/Xcode.app/Contents/Developer/Platforms/iPhoneOS.platform/Developer/Library/CoreSimulator/Profiles/Runtimes/iOS.simruntime/Contents/Resources/RuntimeRoot/System/Library/PrivateFrameworks/AVConference.framework/Frameworks/ViceroyTrace.framework/ViceroyTrace (0x129548490) and /Applications/Xcode.app/Contents/Developer/Platforms/iPhoneOS.platform/Developer/Library/CoreSimulator/Profiles/Runtimes/iOS.simruntime/Contents/Resources/RuntimeRoot/System/Library/PrivateFrameworks/AVConference.framework/AVConference (0x1293d2120). One of the two will be used. Which one is undefined.
objc[10620]: Class SFUserNotification is implemented in both /Applications/Xcode.app/Contents/Developer/Platforms/iPhoneOS.platform/Developer/Library/CoreSimulator/Profiles/Runtimes/iOS.simruntime/Contents/Resources/RuntimeRoot/System/Library/PrivateFrameworks/Sharing.framework/Sharing (0x1288ad700) and /Applications/Xcode.app/Contents/Developer/Platforms/iPhoneOS.platform/Developer/Library/CoreSimulator/Profiles/Runtimes/iOS.simruntime/Contents/Resources/RuntimeRoot/System/Library/Frameworks/SafariServices.framework/SafariServices (0x111a4d358). One of the two will be used. Which one is undefined.
2017-11-23 21:34:53.228 WorklabsMx.iOS[10620:716817] Xamarin.iOS: Unable to locate assembly 'I18N' (culture: '')
2017-11-23 21:34:53.228 WorklabsMx.iOS[10620:716817] Xamarin.iOS: Unable to locate assembly 'I18N' (culture: '')
2017-11-23 21:34:53.251 WorklabsMx.iOS[10620:716817] Encoding 1252 data could not be found. Make sure you have correct international codeset assembly installed and enabled.
2017-11-23 21:34:54.063 WorklabsMx.iOS[10620:716817] Xamarin.iOS: Unable to locate assembly 'I18N' (culture: '')
2017-11-23 21:34:54.063 WorklabsMx.iOS[10620:716817] Xamarin.iOS: Unable to locate assembly 'I18N' (culture: '')
2017-11-23 21:34:54.064 WorklabsMx.iOS[10620:716817] Encoding 1252 data could not be found. Make sure you have correct international codeset assembly installed and enabled.
2017-11-23 21:34:54.362 WorklabsMx.iOS[10620:716817] 
Unhandled Exception:
System.ArgumentNullException: Value cannot be null.
Parameter name: String
  at System.Number.StringToNumber (System.String str, System.Globalization.NumberStyles options, System.Number+NumberBuffer& number, System.Globalization.NumberFormatInfo info, System.Boolean parseDecimal) [0x00003] in <136edfc8e644410eb152bce382121c61>:0 
  at System.Number.ParseInt32 (System.String s, System.Globalization.NumberStyles style, System.Globalization.NumberFormatInfo info) [0x00015] in <136edfc8e644410eb152bce382121c61>:0 
  at System.Int32.Parse (System.String s) [0x00007] in <136edfc8e644410eb152bce382121c61>:0 
  at WorklabsMx.iOS.LoginViewController.ViewWillAppear (System.Boolean animated) [0x00014] in <ba69563c340f4913a6b0f6ecbc05c0c4>:0 
--- End of stack trace from previous location where exception was thrown ---
  at (wrapper managed-to-native) UIKit.UIApplication:UIApplicationMain (int,string[],intptr,intptr)
  at UIKit.UIApplication.Main (System.String[] args, System.IntPtr principal, System.IntPtr delegate) [0x00005] in <f5f7bf9082f2423098c34fc985600d02>:0 
  at UIKit.UIApplication.Main (System.String[] args, System.String principalClassName, System.String delegateClassName) [0x00038] in <f5f7bf9082f2423098c34fc985600d02>:0 
  at WorklabsMx.iOS.Application.Main (System.String[] args) [0x00000] in <ba69563c340f4913a6b0f6ecbc05c0c4>:0 
2017-11-23 21:34:54.365 WorklabsMx.iOS[10620:716817] Unhandled managed exception:
Value cannot be null.
Parameter name: String (System.ArgumentNullException)
  at System.Number.StringToNumber (System.String str, System.Globalization.NumberStyles options, System.Number+NumberBuffer& number, System.Globalization.NumberFormatInfo info, System.Boolean parseDecimal) [0x00003] in <136edfc8e644410eb152bce382121c61>:0 
  at System.Number.ParseInt32 (System.String s, System.Globalization.NumberStyles style, System.Globalization.NumberFormatInfo info) [0x00015] in <136edfc8e644410eb152bce382121c61>:0 
  at System.Int32.Parse (System.String s) [0x00007] in <136edfc8e644410eb152bce382121c61>:0 
  at WorklabsMx.iOS.LoginViewController.ViewWillAppear (System.Boolean animated) [0x00014] in <ba69563c340f4913a6b0f6ecbc05c0c4>:0 
--- End of stack trace from previous location where exception was thrown ---
  at (wrapper managed-to-native) UIKit.UIApplication:UIApplicationMain (int,string[],intptr,intptr)
  at UIKit.UIApplication.Main (System.String[] args, System.IntPtr principal, System.IntPtr delegate) [0x00005] in <f5f7bf9082f2423098c34fc985600d02>:0 
  at UIKit.UIApplication.Main (System.String[] args, System.String principalClassName, System.String delegateClassName) [0x00038] in <f5f7bf9082f2423098c34fc985600d02>:0 
  at WorklabsMx.iOS.Application.Main (System.String[] args) [0x00000] in <ba69563c340f4913a6b0f6ecbc05c0c4>:0 
2017-11-23 21:34:54.365 WorklabsMx.iOS[10620:716817] critical: Stacktrace:

2017-11-23 21:34:54.365 WorklabsMx.iOS[10620:716817] critical: 
Native stacktrace:

2017-11-23 21:34:54.770 WorklabsMx.iOS[10620:716817] critical: 	0   WorklabsMx.iOS                      0x0000000109ebf104 mono_handle_native_crash + 244
2017-11-23 21:34:54.770 WorklabsMx.iOS[10620:716817] critical: 	1   libsystem_platform.dylib            0x000000011a683b3a _sigtramp + 26
2017-11-23 21:34:54.770 WorklabsMx.iOS[10620:716817] critical: 	2   libsystem_kernel.dylib              0x000000011a647430 libsystem_kernel.dylib + 1072
2017-11-23 21:34:54.770 WorklabsMx.iOS[10620:716817] critical: 	3   libsystem_c.dylib                   0x000000011a3200e7 abort + 127
2017-11-23 21:34:54.770 WorklabsMx.iOS[10620:716817] critical: 	4   WorklabsMx.iOS                      0x000000010a079652 xamarin_unhandled_exception_handler + 34
2017-11-23 21:34:54.771 WorklabsMx.iOS[10620:716817] critical: 	5   WorklabsMx.iOS                      0x0000000109f28f74 mono_invoke_unhandled_exception_hook + 148
2017-11-23 21:34:54.771 WorklabsMx.iOS[10620:716817] critical: 	6   WorklabsMx.iOS                      0x0000000109ebec02 mono_handle_exception_internal + 4994
2017-11-23 21:34:54.771 WorklabsMx.iOS[10620:716817] critical: 	7   WorklabsMx.iOS                      0x0000000109ebd878 mono_handle_exception + 24
2017-11-23 21:34:54.771 WorklabsMx.iOS[10620:716817] critical: 	8   WorklabsMx.iOS                      0x0000000109e3ff2f mono_amd64_throw_exception + 143
2017-11-23 21:34:54.771 WorklabsMx.iOS[10620:716817] critical: 	9   ???                                 0x0000000133d63ae7 0x0 + 5164645095
2017-11-23 21:34:54.771 WorklabsMx.iOS[10620:716817] critical: 	10  WorklabsMx.iOS                      0x000000010a07ce1b xamarin_invoke_trampoline + 3131
2017-11-23 21:34:54.771 WorklabsMx.iOS[10620:716817] critical: 	11  WorklabsMx.iOS                      0x000000010a07e9be xamarin_arch_trampoline + 78
2017-11-23 21:34:54.772 WorklabsMx.iOS[10620:716817] critical: 	12  WorklabsMx.iOS                      0x000000010a07f642 xamarin_x86_64_common_trampoline + 110
2017-11-23 21:34:54.772 WorklabsMx.iOS[10620:716817] critical: 	13  UIKit                               0x000000010bdab59c -[UIViewController _setViewAppearState:isAnimating:] + 444
2017-11-23 21:34:54.772 WorklabsMx.iOS[10620:716817] critical: 	14  UIKit                               0x000000010bdabe31 -[UIViewController __viewWillAppear:] + 147
2017-11-23 21:34:54.772 WorklabsMx.iOS[10620:716817] critical: 	15  UIKit                               0x000000010bdad68e -[UIViewController viewWillMoveToWindow:] + 757
2017-11-23 21:34:54.772 WorklabsMx.iOS[10620:716817] critical: 	16  UIKit                               0x000000010bcb8c68 -[UIView(Hierarchy) _willMoveToWindow:withAncestorView:] + 657
2017-11-23 21:34:54.773 WorklabsMx.iOS[10620:716817] critical: 	17  UIKit                               0x000000010bcca35d -[UIView(Internal) _addSubview:positioned:relativeTo:] + 453
2017-11-23 21:34:54.773 WorklabsMx.iOS[10620:716817] critical: 	18  UIKit                               0x000000010bc73e56 -[UIWindow addRootViewControllerViewIfPossible] + 845
2017-11-23 21:34:54.774 WorklabsMx.iOS[10620:716817] critical: 	19  UIKit                               0x000000010bc7428b -[UIWindow _setHidden:forced:] + 294
2017-11-23 21:34:54.774 WorklabsMx.iOS[10620:716817] critical: 	20  UIKit                               0x000000010bc87208 -[UIWindow makeKeyAndVisible] + 42
2017-11-23 21:34:54.775 WorklabsMx.iOS[10620:716817] critical: 	21  UIKit                               0x000000010bbf98cd -[UIApplication _callInitializationDelegatesForMainScene:transitionContext:] + 4711
2017-11-23 21:34:54.775 WorklabsMx.iOS[10620:716817] critical: 	22  UIKit                               0x000000010bbfeafd -[UIApplication _runWithMainScene:transitionContext:completion:] + 1720
2017-11-23 21:34:54.775 WorklabsMx.iOS[10620:716817] critical: 	23  UIKit                               0x000000010bfc42e0 __111-[__UICanvasLifecycleMonitor_Compatability _scheduleFirstCommitForScene:transition:firstActivation:completion:]_block_invoke + 924
2017-11-23 21:34:54.775 WorklabsMx.iOS[10620:716817] critical: 	24  UIKit                               0x000000010c396be0 +[_UICanvas _enqueuePostSettingUpdateTransactionBlock:] + 153
2017-11-23 21:34:54.776 WorklabsMx.iOS[10620:716817] critical: 	25  UIKit                               0x000000010bfc3ed9 -[__UICanvasLifecycleMonitor_Compatability _scheduleFirstCommitForScene:transition:firstActivation:completion:] + 249
2017-11-23 21:34:54.776 WorklabsMx.iOS[10620:716817] critical: 	26  UIKit                               0x000000010bfc4737 -[__UICanvasLifecycleMonitor_Compatability activateEventsOnly:withContext:completion:] + 668
2017-11-23 21:34:54.776 WorklabsMx.iOS[10620:716817] critical: 	27  UIKit                               0x000000010c938c4d __82-[_UIApplicationCanvas _transitionLifecycleStateWithTransitionContext:completion:]_block_invoke + 262
2017-11-23 21:34:54.776 WorklabsMx.iOS[10620:716817] critical: 	28  UIKit                               0x000000010c938b06 -[_UIApplicationCanvas _transitionLifecycleStateWithTransitionContext:completion:] + 444
2017-11-23 21:34:54.777 WorklabsMx.iOS[10620:716817] critical: 	29  UIKit                               0x000000010c619d52 __125-[_UICanvasLifecycleSettingsDiffAction performActionsForCanvas:withUpdatedScene:settingsDiff:fromSettings:transitionContext:]_block_invoke + 420
2017-11-23 21:34:54.777 WorklabsMx.iOS[10620:716817] critical: 	30  UIKit                               0x000000010c816a7e _performActionsWithDelayForTransitionContext + 100
2017-11-23 21:34:54.777 WorklabsMx.iOS[10620:716817] critical: 	31  UIKit                               0x000000010c619b4e -[_UICanvasLifecycleSettingsDiffAction performActionsForCanvas:withUpdatedScene:settingsDiff:fromSettings:transitionContext:] + 231
2017-11-23 21:34:54.777 WorklabsMx.iOS[10620:716817] critical: 	32  UIKit                               0x000000010c39623d -[_UICanvas scene:didUpdateWithDiff:transitionContext:completion:] + 392
2017-11-23 21:34:54.778 WorklabsMx.iOS[10620:716817] critical: 	33  UIKit                               0x000000010bbfd37e -[UIApplication workspace:didCreateScene:withTransitionContext:completion:] + 523
2017-11-23 21:34:54.778 WorklabsMx.iOS[10620:716817] critical: 	34  UIKit                               0x000000010c1d1c1b -[UIApplicationSceneClientAgent scene:didInitializeWithEvent:completion:] + 369
2017-11-23 21:34:54.778 WorklabsMx.iOS[10620:716817] critical: 	35  FrontBoardServices                  0x000000011d85d158 -[FBSSceneImpl _didCreateWithTransitionContext:completion:] + 338
2017-11-23 21:34:54.778 WorklabsMx.iOS[10620:716817] critical: 	36  FrontBoardServices                  0x000000011d865c4d __56-[FBSWorkspace client:handleCreateScene:withCompletion:]_block_invoke_2 + 235
2017-11-23 21:34:54.778 WorklabsMx.iOS[10620:716817] critical: 	37  libdispatch.dylib                   0x000000011a1d92b5 _dispatch_client_callout + 8
2017-11-23 21:34:54.779 WorklabsMx.iOS[10620:716817] critical: 	38  libdispatch.dylib                   0x000000011a1de565 _dispatch_block_invoke_direct + 324
2017-11-23 21:34:54.779 WorklabsMx.iOS[10620:716817] critical: 	39  FrontBoardServices                  0x000000011d891672 __FBSSERIALQUEUE_IS_CALLING_OUT_TO_A_BLOCK__ + 24
2017-11-23 21:34:54.779 WorklabsMx.iOS[10620:716817] critical: 	40  FrontBoardServices                  0x000000011d891328 -[FBSSerialQueue _performNext] + 464
2017-11-23 21:34:54.779 WorklabsMx.iOS[10620:716817] critical: 	41  FrontBoardServices                  0x000000011d891897 -[FBSSerialQueue _performNextFromRunLoopSource] + 45
2017-11-23 21:34:54.780 WorklabsMx.iOS[10620:716817] critical: 	42  CoreFoundation                      0x000000011833c231 __CFRUNLOOP_IS_CALLING_OUT_TO_A_SOURCE0_PERFORM_FUNCTION__ + 17
2017-11-23 21:34:54.780 WorklabsMx.iOS[10620:716817] critical: 	43  CoreFoundation                      0x00000001183dbe41 __CFRunLoopDoSource0 + 81
2017-11-23 21:34:54.780 WorklabsMx.iOS[10620:716817] critical: 	44  CoreFoundation                      0x0000000118320b49 __CFRunLoopDoSources0 + 185
2017-11-23 21:34:54.780 WorklabsMx.iOS[10620:716817] critical: 	45  CoreFoundation                      0x000000011832012f __CFRunLoopRun + 1279
2017-11-23 21:34:54.780 WorklabsMx.iOS[10620:716817] critical: 	46  CoreFoundation                      0x000000011831f9b9 CFRunLoopRunSpecific + 409
2017-11-23 21:34:54.780 WorklabsMx.iOS[10620:716817] critical: 	47  GraphicsServices                    0x000000011ac069c6 GSEventRunModal + 62
2017-11-23 21:34:54.781 WorklabsMx.iOS[10620:716817] critical: 	48  UIKit                               0x000000010bc005e8 UIApplicationMain + 159
2017-11-23 21:34:54.781 WorklabsMx.iOS[10620:716817] critical: 	49  ???                                 0x00000001363ea690 0x0 + 5205042832
2017-11-23 21:34:54.781 WorklabsMx.iOS[10620:716817] critical: 	50  ???                                 0x00000001363ea4f0 0x0 + 5205042416
2017-11-23 21:34:54.781 WorklabsMx.iOS[10620:716817] critical: 
=================================================================
Got a SIGABRT while executing native code. This usually indicates
a fatal error in the mono runtime or one of the native libraries 
used by your application.
=================================================================

